<?xml version="1.0" encoding="UTF-8"?>
<!-- Generated by org.testng.reporters.JUnitXMLReporter -->
<testsuite ignored="0" hostname="SE140281" failures="0" tests="5" name="Default test" time="0.046" errors="0" timestamp="2021-03-11T18:59:45 ICT">
  <testcase classname="com.khangnt.LoginTestNG.demo" name="test" time="0.004"/>
  <testcase classname="com.khangnt.LoginTestNG.demo" name="test" time="0.001"/>
  <testcase classname="com.khangnt.LoginTestNG.demo" name="test1" time="0.0"/>
  <testcase classname="com.khangnt.LoginTestNG.demo" name="test1" time="0.001"/>
  <testcase classname="com.khangnt.LoginTestNG.demo" name="test1" time="0.001"/>
</testsuite> <!-- Default test -->
