<?xml version="1.0" encoding="UTF-8"?>
<testng-results ignored="0" total="5" passed="5" failed="0" skipped="0">
  <reporter-output>
  </reporter-output>
  <suite started-at="2021-03-11T18:59:45 ICT" name="Default suite" finished-at="2021-03-11T18:59:45 ICT" duration-ms="46">
    <groups>
    </groups>
    <test started-at="2021-03-11T18:59:45 ICT" name="Default test" finished-at="2021-03-11T18:59:45 ICT" duration-ms="46">
      <class name="com.khangnt.LoginTestNG.demo">
        <test-method signature="test(java.lang.String, java.lang.String)[pri:0, instance:com.khangnt.LoginTestNG.demo@1356d4d4]" started-at="2021-03-11T18:59:45 ICT" name="test" data-provider="testData" finished-at="2021-03-11T18:59:45 ICT" duration-ms="4" status="PASS">
          <params>
            <param index="0">
              <value>
                <![CDATA[Test1]]>
              </value>
            </param>
            <param index="1">
              <value>
                <![CDATA[Test2]]>
              </value>
            </param>
          </params>
          <reporter-output>
          </reporter-output>
        </test-method> <!-- test -->
        <test-method signature="test(java.lang.String, java.lang.String)[pri:0, instance:com.khangnt.LoginTestNG.demo@1356d4d4]" started-at="2021-03-11T18:59:45 ICT" name="test" data-provider="testData" finished-at="2021-03-11T18:59:45 ICT" duration-ms="1" status="PASS">
          <params>
            <param index="0">
              <value>
                <![CDATA[Test3]]>
              </value>
            </param>
            <param index="1">
              <value>
                <![CDATA[Test4]]>
              </value>
            </param>
          </params>
          <reporter-output>
          </reporter-output>
        </test-method> <!-- test -->
        <test-method signature="test1(int, int, int)[pri:0, instance:com.khangnt.LoginTestNG.demo@1356d4d4]" started-at="2021-03-11T18:59:45 ICT" name="test1" data-provider="testData1" finished-at="2021-03-11T18:59:45 ICT" duration-ms="0" status="PASS">
          <params>
            <param index="0">
              <value>
                <![CDATA[1]]>
              </value>
            </param>
            <param index="1">
              <value>
                <![CDATA[2]]>
              </value>
            </param>
            <param index="2">
              <value>
                <![CDATA[3]]>
              </value>
            </param>
          </params>
          <reporter-output>
          </reporter-output>
        </test-method> <!-- test1 -->
        <test-method signature="test1(int, int, int)[pri:0, instance:com.khangnt.LoginTestNG.demo@1356d4d4]" started-at="2021-03-11T18:59:45 ICT" name="test1" data-provider="testData1" finished-at="2021-03-11T18:59:45 ICT" duration-ms="1" status="PASS">
          <params>
            <param index="0">
              <value>
                <![CDATA[4]]>
              </value>
            </param>
            <param index="1">
              <value>
                <![CDATA[5]]>
              </value>
            </param>
            <param index="2">
              <value>
                <![CDATA[6]]>
              </value>
            </param>
          </params>
          <reporter-output>
          </reporter-output>
        </test-method> <!-- test1 -->
        <test-method signature="test1(int, int, int)[pri:0, instance:com.khangnt.LoginTestNG.demo@1356d4d4]" started-at="2021-03-11T18:59:45 ICT" name="test1" data-provider="testData1" finished-at="2021-03-11T18:59:45 ICT" duration-ms="1" status="PASS">
          <params>
            <param index="0">
              <value>
                <![CDATA[7]]>
              </value>
            </param>
            <param index="1">
              <value>
                <![CDATA[8]]>
              </value>
            </param>
            <param index="2">
              <value>
                <![CDATA[9]]>
              </value>
            </param>
          </params>
          <reporter-output>
          </reporter-output>
        </test-method> <!-- test1 -->
      </class> <!-- com.khangnt.LoginTestNG.demo -->
    </test> <!-- Default test -->
  </suite> <!-- Default suite -->
</testng-results>
